<?xml version="1.0" encoding="UTF-8"?>
<!-- Generated by org.testng.reporters.JUnitReportReporter -->
<testsuite hostname="EMRITMAC0161.local" failures="0" tests="3" name="test.LoginTest" time="1.016" errors="0" timestamp="2022-11-11T19:08:38 GST" skipped="0">
  <testcase classname="test.LoginTest" name="Login" time="0.560"/>
  <system-out/>
  <testcase classname="test.LoginTest" name="select3Items" time="0.405"/>
  <system-out/>
  <testcase classname="test.LoginTest" name="verifyselect3Items" time="0.051"/>
  <system-out/>
</testsuite> <!-- test.LoginTest -->
