<?xml version="1.0" encoding="UTF-8"?>
<!-- Generated by org.testng.reporters.JUnitReportReporter -->
<testsuite hostname="EMRITMAC0161.local" failures="0" tests="3" name="test.LoginTest" time="0.960" errors="0" timestamp="2022-11-11T18:22:42 GST" skipped="0">
  <testcase classname="test.LoginTest" name="Login" time="0.615"/>
  <system-out/>
  <testcase classname="test.LoginTest" name="select3Items" time="0.285"/>
  <system-out/>
  <testcase classname="test.LoginTest" name="verifyselect3Items" time="0.060"/>
  <system-out/>
</testsuite> <!-- test.LoginTest -->
