<?xml version="1.0" encoding="UTF-8"?>
<!-- Generated by org.testng.reporters.JUnitReportReporter -->
<testsuite hostname="EMRITMAC0161.local" failures="0" tests="3" name="test.JawwyTvTest" time="0.140" errors="0" timestamp="2022-09-19T01:23:58 GST" skipped="0">
  <testcase classname="test.JawwyTvTest" name="verifyPremiumPlan" time="0.077"/>
  <system-out/>
  <testcase classname="test.JawwyTvTest" name="verifylitePlan" time="0.023"/>
  <system-out/>
  <testcase classname="test.JawwyTvTest" name="verifyBasicPlan" time="0.040"/>
  <system-out/>
</testsuite> <!-- test.JawwyTvTest -->
